Content-Type: multipart/alternative;
 boundary="===============6233883127000151689=="
MIME-Version: 1.0
Subject: Restore password
From: piong_zy@hotmail.com
To: ziyao.piong1@gmail.com
Date: Wed, 06 Oct 2021 03:41:13 -0000
Message-ID: <163349167313.1965.5089863326068856109@Piongs-iMac-Pro.local>

--===============6233883127000151689==
Content-Type: text/plain; charset="utf-8"
MIME-Version: 1.0
Content-Transfer-Encoding: 7bit



You received this email because you requested a password reset for your user account.

Please, go to the following page and choose a new password:

http://127.0.0.1:8000/accounts/restore/MQ/au2vkp-b29b480ee7b4fb06a4764bb227b80fb4/

--===============6233883127000151689==
Content-Type: text/html; charset="utf-8"
MIME-Version: 1.0
Content-Transfer-Encoding: 7bit



<!DOCTYPE html PUBLIC "-//W3C//DTD XHTML 1.0 Transitional//EN"
        "http://www.w3.org/TR/xhtml1/DTD/xhtml1-transitional.dtd">
<html xmlns="http://www.w3.org/1999/xhtml">
<head>
    <meta http-equiv="Content-Type" content="text/html; charset=UTF-8"/>
    <title>Restore password</title>
    <meta name="viewport" content="width=device-width, initial-scale=1.0"/>
</head>

<body>

<p>
    You received this email because you requested a password reset for your user account.
</p>

<p>
    Please, go to the following page and choose a new password:
</p>

<p>
    <a href="http://127.0.0.1:8000/accounts/restore/MQ/au2vkp-b29b480ee7b4fb06a4764bb227b80fb4/">http://127.0.0.1:8000/accounts/restore/MQ/au2vkp-b29b480ee7b4fb06a4764bb227b80fb4/</a>
</p>

</body>

</html>

--===============6233883127000151689==--

-------------------------------------------------------------------------------
