Content-Type: multipart/alternative;
 boundary="===============9197906323740964007=="
MIME-Version: 1.0
Subject: Profile activation
From: test@example.com
To: c@gmail.com
Date: Sat, 16 Oct 2021 08:45:14 -0000
Message-ID: <163437391436.14120.8608900699438951988@YungSheng-Macbook>

--===============9197906323740964007==
Content-Type: text/plain; charset="utf-8"
MIME-Version: 1.0
Content-Transfer-Encoding: 7bit



To activate your profile, please follow this link:

http://127.0.0.1:8000/accounts/activate/QyqmRlXi9Z6I3h7QmWVa/

--===============9197906323740964007==
Content-Type: text/html; charset="utf-8"
MIME-Version: 1.0
Content-Transfer-Encoding: 7bit



<!DOCTYPE html PUBLIC "-//W3C//DTD XHTML 1.0 Transitional//EN"
        "http://www.w3.org/TR/xhtml1/DTD/xhtml1-transitional.dtd">
<html xmlns="http://www.w3.org/1999/xhtml">
<head>
    <meta http-equiv="Content-Type" content="text/html; charset=UTF-8"/>
    <title>Profile activation</title>
    <meta name="viewport" content="width=device-width, initial-scale=1.0"/>
</head>

<body>

<p>
    To activate your profile, please follow this link:
</p>

<p>
    <a href="http://127.0.0.1:8000/accounts/activate/QyqmRlXi9Z6I3h7QmWVa/">http://127.0.0.1:8000/accounts/activate/QyqmRlXi9Z6I3h7QmWVa/</a>
</p>

</body>

</html>

--===============9197906323740964007==--

-------------------------------------------------------------------------------
