Content-Type: multipart/alternative;
 boundary="===============3259943659926823866=="
MIME-Version: 1.0
Subject: Profile activation
From: test@example.com
To: tt@gmail.com
Date: Sat, 16 Oct 2021 08:28:18 -0000
Message-ID: <163437289861.4400.2539990830926516109@YungSheng-Macbook>

--===============3259943659926823866==
Content-Type: text/plain; charset="utf-8"
MIME-Version: 1.0
Content-Transfer-Encoding: 7bit



To activate your profile, please follow this link:

http://127.0.0.1:8000/accounts/activate/4mOgDY44S1XR2NtIoslG/

--===============3259943659926823866==
Content-Type: text/html; charset="utf-8"
MIME-Version: 1.0
Content-Transfer-Encoding: 7bit



<!DOCTYPE html PUBLIC "-//W3C//DTD XHTML 1.0 Transitional//EN"
        "http://www.w3.org/TR/xhtml1/DTD/xhtml1-transitional.dtd">
<html xmlns="http://www.w3.org/1999/xhtml">
<head>
    <meta http-equiv="Content-Type" content="text/html; charset=UTF-8"/>
    <title>Profile activation</title>
    <meta name="viewport" content="width=device-width, initial-scale=1.0"/>
</head>

<body>

<p>
    To activate your profile, please follow this link:
</p>

<p>
    <a href="http://127.0.0.1:8000/accounts/activate/4mOgDY44S1XR2NtIoslG/">http://127.0.0.1:8000/accounts/activate/4mOgDY44S1XR2NtIoslG/</a>
</p>

</body>

</html>

--===============3259943659926823866==--

-------------------------------------------------------------------------------
